# JRE version: OpenJDK Runtime Environment Temurin-21.0.8+9 (21.0.8+9) (build 21.0.8+9-LTS)
# Java VM: OpenJDK 64-Bit Server VM Temurin-21.0.8+9 (21.0.8+9-LTS, mixed mode, sharing, tiered, compressed oops, compressed class ptrs, parallel gc, windows-amd64)
GC Precious Log:
 CardTable entry size: 512
 CPUs: 8 total, 8 available
 Memory: 6082M
 Large Page Support: Disabled
 NUMA Support: Disabled
 Compressed Oops: Enabled (32-bit)
 Alignments: Space 512K, Generation 512K, Heap 2M
 Heap Min Capacity: 100M
 Heap Initial Capacity: 100M
 Heap Max Capacity: 2G
 Pre-touch: Disabled
 Parallel Workers: 8
Heap:
 PSYoungGen      total 15360K, used 6734K [0x00000000d5580000, 0x00000000d6a80000, 0x0000000100000000)
  eden space 12288K, 30% used [0x00000000d5580000,0x00000000d591a700,0x00000000d6180000)
  from space 3072K, 99% used [0x00000000d6780000,0x00000000d6a791b8,0x00000000d6a80000)
  to   space 4096K, 0% used [0x00000000d6280000,0x00000000d6280000,0x00000000d6680000)
 ParOldGen       total 68608K, used 55866K [0x0000000080000000, 0x0000000084300000, 0x00000000d5580000)
  object space 68608K, 81% used [0x0000000080000000,0x000000008368ea68,0x0000000084300000)
 Metaspace       used 67420K, committed 68992K, reserved 1114112K
  class space    used 7316K, committed 8000K, reserved 1048576K
GC Heap History (20 events):
Event: 62.775 GC heap before
{Heap before GC invocations=72 (full 3):
 PSYoungGen      total 20992K, used 20800K [0x00000000d5580000, 0x00000000d6c80000, 0x0000000100000000)
  eden space 18944K, 100% used [0x00000000d5580000,0x00000000d6800000,0x00000000d6800000)
  from space 2048K, 90% used [0x00000000d6a80000,0x00000000d6c50010,0x00000000d6c80000)
  to   space 2048K, 0% used [0x00000000d6800000,0x00000000d6800000,0x00000000d6a00000)
 ParOldGen       total 68608K, used 37886K [0x0000000080000000, 0x0000000084300000, 0x00000000d5580000)
  object space 68608K, 55% used [0x0000000080000000,0x00000000824ff8a0,0x0000000084300000)
 Metaspace       used 61758K, committed 63232K, reserved 1114112K
  class space    used 6787K, committed 7424K, reserved 1048576K
}
Event: 62.780 GC heap after
{Heap after GC invocations=72 (full 3):
 PSYoungGen      total 20992K, used 1890K [0x00000000d5580000, 0x00000000d6c00000, 0x0000000100000000)
  eden space 18944K, 0% used [0x00000000d5580000,0x00000000d5580000,0x00000000d6800000)
  from space 2048K, 92% used [0x00000000d6800000,0x00000000d69d8810,0x00000000d6a00000)
  to   space 2048K, 0% used [0x00000000d6a00000,0x00000000d6a00000,0x00000000d6c00000)
 ParOldGen       total 68608K, used 39566K [0x0000000080000000, 0x0000000084300000, 0x00000000d5580000)
  object space 68608K, 57% used [0x0000000080000000,0x00000000826a38b0,0x0000000084300000)
 Metaspace       used 61758K, committed 63232K, reserved 1114112K
  class space    used 6787K, committed 7424K, reserved 1048576K
}
Event: 63.163 GC heap before
{Heap before GC invocations=73 (full 3):
 PSYoungGen      total 20992K, used 20834K [0x00000000d5580000, 0x00000000d6c00000, 0x0000000100000000)
  eden space 18944K, 100% used [0x00000000d5580000,0x00000000d6800000,0x00000000d6800000)
  from space 2048K, 92% used [0x00000000d6800000,0x00000000d69d8810,0x00000000d6a00000)
  to   space 2048K, 0% used [0x00000000d6a00000,0x00000000d6a00000,0x00000000d6c00000)
 ParOldGen       total 68608K, used 39637K [0x0000000080000000, 0x0000000084300000, 0x00000000d5580000)
  object space 68608K, 57% used [0x0000000080000000,0x00000000826b5598,0x0000000084300000)
 Metaspace       used 61805K, committed 63232K, reserved 1114112K
  class space    used 6799K, committed 7424K, reserved 1048576K
}
Event: 63.169 GC heap after
{Heap after GC invocations=73 (full 3):
 PSYoungGen      total 20992K, used 1764K [0x00000000d5580000, 0x00000000d6c00000, 0x0000000100000000)
  eden space 18944K, 0% used [0x00000000d5580000,0x00000000d5580000,0x00000000d6800000)
  from space 2048K, 86% used [0x00000000d6a00000,0x00000000d6bb9000,0x00000000d6c00000)
  to   space 2048K, 0% used [0x00000000d6800000,0x00000000d6800000,0x00000000d6a00000)
 ParOldGen       total 68608K, used 41243K [0x0000000080000000, 0x0000000084300000, 0x00000000d5580000)
  object space 68608K, 60% used [0x0000000080000000,0x0000000082846f48,0x0000000084300000)
 Metaspace       used 61805K, committed 63232K, reserved 1114112K
  class space    used 6799K, committed 7424K, reserved 1048576K
}
Event: 63.385 GC heap before
{Heap before GC invocations=74 (full 3):
 PSYoungGen      total 20992K, used 20708K [0x00000000d5580000, 0x00000000d6c00000, 0x0000000100000000)
  eden space 18944K, 100% used [0x00000000d5580000,0x00000000d6800000,0x00000000d6800000)
  from space 2048K, 86% used [0x00000000d6a00000,0x00000000d6bb9000,0x00000000d6c00000)
  to   space 2048K, 0% used [0x00000000d6800000,0x00000000d6800000,0x00000000d6a00000)
 ParOldGen       total 68608K, used 41243K [0x0000000080000000, 0x0000000084300000, 0x00000000d5580000)
  object space 68608K, 60% used [0x0000000080000000,0x0000000082846f48,0x0000000084300000)
 Metaspace       used 61863K, committed 63232K, reserved 1114112K
  class space    used 6805K, committed 7424K, reserved 1048576K
}
Event: 63.389 GC heap after
{Heap after GC invocations=74 (full 3):
 PSYoungGen      total 20992K, used 1664K [0x00000000d5580000, 0x00000000d6c00000, 0x0000000100000000)
  eden space 18944K, 0% used [0x00000000d5580000,0x00000000d5580000,0x00000000d6800000)
  from space 2048K, 81% used [0x00000000d6800000,0x00000000d69a0000,0x00000000d6a00000)
  to   space 2048K, 0% used [0x00000000d6a00000,0x00000000d6a00000,0x00000000d6c00000)
 ParOldGen       total 68608K, used 42873K [0x0000000080000000, 0x0000000084300000, 0x00000000d5580000)
  object space 68608K, 62% used [0x0000000080000000,0x00000000829de570,0x0000000084300000)
 Metaspace       used 61863K, committed 63232K, reserved 1114112K
  class space    used 6805K, committed 7424K, reserved 1048576K
}
Event: 63.512 GC heap before
{Heap before GC invocations=75 (full 3):
 PSYoungGen      total 20992K, used 20608K [0x00000000d5580000, 0x00000000d6c00000, 0x0000000100000000)
  eden space 18944K, 100% used [0x00000000d5580000,0x00000000d6800000,0x00000000d6800000)
  from space 2048K, 81% used [0x00000000d6800000,0x00000000d69a0000,0x00000000d6a00000)
  to   space 2048K, 0% used [0x00000000d6a00000,0x00000000d6a00000,0x00000000d6c00000)
 ParOldGen       total 68608K, used 42873K [0x0000000080000000, 0x0000000084300000, 0x00000000d5580000)
  object space 68608K, 62% used [0x0000000080000000,0x00000000829de570,0x0000000084300000)
 Metaspace       used 61920K, committed 63296K, reserved 1114112K
  class space    used 6810K, committed 7424K, reserved 1048576K
}
Event: 63.519 GC heap after
{Heap after GC invocations=75 (full 3):
 PSYoungGen      total 20992K, used 1888K [0x00000000d5580000, 0x00000000d6c00000, 0x0000000100000000)
  eden space 18944K, 0% used [0x00000000d5580000,0x00000000d5580000,0x00000000d6800000)
  from space 2048K, 92% used [0x00000000d6a00000,0x00000000d6bd8010,0x00000000d6c00000)
  to   space 2048K, 0% used [0x00000000d6800000,0x00000000d6800000,0x00000000d6a00000)
 ParOldGen       total 68608K, used 44401K [0x0000000080000000, 0x0000000084300000, 0x00000000d5580000)
  object space 68608K, 64% used [0x0000000080000000,0x0000000082b5c570,0x0000000084300000)
 Metaspace       used 61920K, committed 63296K, reserved 1114112K
  class space    used 6810K, committed 7424K, reserved 1048576K
}
Event: 64.455 GC heap before
{Heap before GC invocations=76 (full 3):
 PSYoungGen      total 20992K, used 20832K [0x00000000d5580000, 0x00000000d6c00000, 0x0000000100000000)
  eden space 18944K, 100% used [0x00000000d5580000,0x00000000d6800000,0x00000000d6800000)
  from space 2048K, 92% used [0x00000000d6a00000,0x00000000d6bd8010,0x00000000d6c00000)
  to   space 2048K, 0% used [0x00000000d6800000,0x00000000d6800000,0x00000000d6a00000)
 ParOldGen       total 68608K, used 44438K [0x0000000080000000, 0x0000000084300000, 0x00000000d5580000)
  object space 68608K, 64% used [0x0000000080000000,0x0000000082b65830,0x0000000084300000)
 Metaspace       used 62252K, committed 63616K, reserved 1114112K
  class space    used 6837K, committed 7424K, reserved 1048576K
}
Event: 64.459 GC heap after
{Heap after GC invocations=76 (full 3):
 PSYoungGen      total 20992K, used 1492K [0x00000000d5580000, 0x00000000d6c00000, 0x0000000100000000)
  eden space 18944K, 0% used [0x00000000d5580000,0x00000000d5580000,0x00000000d6800000)
  from space 2048K, 72% used [0x00000000d6800000,0x00000000d69750e8,0x00000000d6a00000)
  to   space 2048K, 0% used [0x00000000d6a00000,0x00000000d6a00000,0x00000000d6c00000)
 ParOldGen       total 68608K, used 46214K [0x0000000080000000, 0x0000000084300000, 0x00000000d5580000)
  object space 68608K, 67% used [0x0000000080000000,0x0000000082d21840,0x0000000084300000)
 Metaspace       used 62252K, committed 63616K, reserved 1114112K
  class space    used 6837K, committed 7424K, reserved 1048576K
}
Event: 68.095 GC heap before
{Heap before GC invocations=77 (full 3):
 PSYoungGen      total 20992K, used 20436K [0x00000000d5580000, 0x00000000d6c00000, 0x0000000100000000)
  eden space 18944K, 100% used [0x00000000d5580000,0x00000000d6800000,0x00000000d6800000)
  from space 2048K, 72% used [0x00000000d6800000,0x00000000d69750e8,0x00000000d6a00000)
  to   space 2048K, 0% used [0x00000000d6a00000,0x00000000d6a00000,0x00000000d6c00000)
 ParOldGen       total 68608K, used 46236K [0x0000000080000000, 0x0000000084300000, 0x00000000d5580000)
  object space 68608K, 67% used [0x0000000080000000,0x0000000082d27190,0x0000000084300000)
 Metaspace       used 63447K, committed 64896K, reserved 1114112K
  class space    used 6924K, committed 7552K, reserved 1048576K
}
Event: 68.099 GC heap after
{Heap after GC invocations=77 (full 3):
 PSYoungGen      total 20480K, used 1389K [0x00000000d5580000, 0x00000000d6b80000, 0x0000000100000000)
  eden space 18944K, 0% used [0x00000000d5580000,0x00000000d5580000,0x00000000d6800000)
  from space 1536K, 90% used [0x00000000d6a00000,0x00000000d6b5b510,0x00000000d6b80000)
  to   space 1536K, 0% used [0x00000000d6880000,0x00000000d6880000,0x00000000d6a00000)
 ParOldGen       total 68608K, used 47529K [0x0000000080000000, 0x0000000084300000, 0x00000000d5580000)
  object space 68608K, 69% used [0x0000000080000000,0x0000000082e6a6e8,0x0000000084300000)
 Metaspace       used 63447K, committed 64896K, reserved 1114112K
  class space    used 6924K, committed 7552K, reserved 1048576K
}
Event: 72.831 GC heap before
{Heap before GC invocations=78 (full 3):
 PSYoungGen      total 20480K, used 20320K [0x00000000d5580000, 0x00000000d6b80000, 0x0000000100000000)
  eden space 18944K, 99% used [0x00000000d5580000,0x00000000d67fcc88,0x00000000d6800000)
  from space 1536K, 90% used [0x00000000d6a00000,0x00000000d6b5b510,0x00000000d6b80000)
  to   space 1536K, 0% used [0x00000000d6880000,0x00000000d6880000,0x00000000d6a00000)
 ParOldGen       total 68608K, used 47529K [0x0000000080000000, 0x0000000084300000, 0x00000000d5580000)
  object space 68608K, 69% used [0x0000000080000000,0x0000000082e6a6e8,0x0000000084300000)
 Metaspace       used 64137K, committed 65472K, reserved 1114112K
  class space    used 6983K, committed 7552K, reserved 1048576K
}
Event: 72.836 GC heap after
{Heap after GC invocations=78 (full 3):
 PSYoungGen      total 20480K, used 1494K [0x00000000d5580000, 0x00000000d6b00000, 0x0000000100000000)
  eden space 18944K, 0% used [0x00000000d5580000,0x00000000d5580000,0x00000000d6800000)
  from space 1536K, 97% used [0x00000000d6880000,0x00000000d69f59b0,0x00000000d6a00000)
  to   space 1024K, 0% used [0x00000000d6a00000,0x00000000d6a00000,0x00000000d6b00000)
 ParOldGen       total 68608K, used 47937K [0x0000000080000000, 0x0000000084300000, 0x00000000d5580000)
  object space 68608K, 69% used [0x0000000080000000,0x0000000082ed06e8,0x0000000084300000)
 Metaspace       used 64137K, committed 65472K, reserved 1114112K
  class space    used 6983K, committed 7552K, reserved 1048576K
}
Event: 74.838 GC heap before
{Heap before GC invocations=79 (full 3):
 PSYoungGen      total 20480K, used 20438K [0x00000000d5580000, 0x00000000d6b00000, 0x0000000100000000)
  eden space 18944K, 100% used [0x00000000d5580000,0x00000000d6800000,0x00000000d6800000)
  from space 1536K, 97% used [0x00000000d6880000,0x00000000d69f59b0,0x00000000d6a00000)
  to   space 1024K, 0% used [0x00000000d6a00000,0x00000000d6a00000,0x00000000d6b00000)
 ParOldGen       total 68608K, used 47937K [0x0000000080000000, 0x0000000084300000, 0x00000000d5580000)
  object space 68608K, 69% used [0x0000000080000000,0x0000000082ed06e8,0x0000000084300000)
 Metaspace       used 65236K, committed 66752K, reserved 1114112K
  class space    used 7114K, committed 7744K, reserved 1048576K
}
Event: 74.846 GC heap after
{Heap after GC invocations=79 (full 3):
 PSYoungGen      total 13312K, used 1016K [0x00000000d5580000, 0x00000000d7900000, 0x0000000100000000)
  eden space 12288K, 0% used [0x00000000d5580000,0x00000000d5580000,0x00000000d6180000)
  from space 1024K, 99% used [0x00000000d6a00000,0x00000000d6afe1e8,0x00000000d6b00000)
  to   space 8704K, 0% used [0x00000000d6180000,0x00000000d6180000,0x00000000d6a00000)
 ParOldGen       total 68608K, used 54401K [0x0000000080000000, 0x0000000084300000, 0x00000000d5580000)
  object space 68608K, 79% used [0x0000000080000000,0x00000000835207b8,0x0000000084300000)
 Metaspace       used 65236K, committed 66752K, reserved 1114112K
  class space    used 7114K, committed 7744K, reserved 1048576K
}
Event: 75.351 GC heap before
{Heap before GC invocations=80 (full 3):
 PSYoungGen      total 13312K, used 13304K [0x00000000d5580000, 0x00000000d7900000, 0x0000000100000000)
  eden space 12288K, 100% used [0x00000000d5580000,0x00000000d6180000,0x00000000d6180000)
  from space 1024K, 99% used [0x00000000d6a00000,0x00000000d6afe1e8,0x00000000d6b00000)
  to   space 8704K, 0% used [0x00000000d6180000,0x00000000d6180000,0x00000000d6a00000)
 ParOldGen       total 68608K, used 54401K [0x0000000080000000, 0x0000000084300000, 0x00000000d5580000)
  object space 68608K, 79% used [0x0000000080000000,0x00000000835207b8,0x0000000084300000)
 Metaspace       used 66723K, committed 68224K, reserved 1114112K
  class space    used 7225K, committed 7936K, reserved 1048576K
}
Event: 75.354 GC heap after
{Heap after GC invocations=80 (full 3):
 PSYoungGen      total 13312K, used 528K [0x00000000d5580000, 0x00000000d6a80000, 0x0000000100000000)
  eden space 12288K, 0% used [0x00000000d5580000,0x00000000d5580000,0x00000000d6180000)
  from space 1024K, 51% used [0x00000000d6180000,0x00000000d6204020,0x00000000d6280000)
  to   space 3072K, 0% used [0x00000000d6780000,0x00000000d6780000,0x00000000d6a80000)
 ParOldGen       total 68608K, used 55436K [0x0000000080000000, 0x0000000084300000, 0x00000000d5580000)
  object space 68608K, 80% used [0x0000000080000000,0x00000000836230b8,0x0000000084300000)
 Metaspace       used 66723K, committed 68224K, reserved 1114112K
  class space    used 7225K, committed 7936K, reserved 1048576K
}
Event: 75.662 GC heap before
{Heap before GC invocations=81 (full 3):
 PSYoungGen      total 13312K, used 12816K [0x00000000d5580000, 0x00000000d6a80000, 0x0000000100000000)
  eden space 12288K, 100% used [0x00000000d5580000,0x00000000d6180000,0x00000000d6180000)
  from space 1024K, 51% used [0x00000000d6180000,0x00000000d6204020,0x00000000d6280000)
  to   space 3072K, 0% used [0x00000000d6780000,0x00000000d6780000,0x00000000d6a80000)
 ParOldGen       total 68608K, used 55436K [0x0000000080000000, 0x0000000084300000, 0x00000000d5580000)
  object space 68608K, 80% used [0x0000000080000000,0x00000000836230b8,0x0000000084300000)
 Metaspace       used 67028K, committed 68480K, reserved 1114112K
  class space    used 7271K, committed 7936K, reserved 1048576K
}
Event: 75.666 GC heap after
{Heap after GC invocations=81 (full 3):
 PSYoungGen      total 15360K, used 3044K [0x00000000d5580000, 0x00000000d6a80000, 0x0000000100000000)
  eden space 12288K, 0% used [0x00000000d5580000,0x00000000d5580000,0x00000000d6180000)
  from space 3072K, 99% used [0x00000000d6780000,0x00000000d6a791b8,0x00000000d6a80000)
  to   space 4096K, 0% used [0x00000000d6280000,0x00000000d6280000,0x00000000d6680000)
 ParOldGen       total 68608K, used 55866K [0x0000000080000000, 0x0000000084300000, 0x00000000d5580000)
  object space 68608K, 81% used [0x0000000080000000,0x000000008368ea68,0x0000000084300000)
 Metaspace       used 67028K, committed 68480K, reserved 1114112K
  class space    used 7271K, committed 7936K, reserved 1048576K
}

