# JRE version: OpenJDK Runtime Environment Temurin-21.0.8+9 (21.0.8+9) (build 21.0.8+9-LTS)
# Java VM: OpenJDK 64-Bit Server VM Temurin-21.0.8+9 (21.0.8+9-LTS, mixed mode, sharing, tiered, compressed oops, compressed class ptrs, parallel gc, windows-amd64)
GC Precious Log:
 CardTable entry size: 512
 CPUs: 8 total, 8 available
 Memory: 6082M
 Large Page Support: Disabled
 NUMA Support: Disabled
 Compressed Oops: Enabled (32-bit)
 Alignments: Space 512K, Generation 512K, Heap 2M
 Heap Min Capacity: 100M
 Heap Initial Capacity: 100M
 Heap Max Capacity: 2G
 Pre-touch: Disabled
 Parallel Workers: 8
Heap:
 PSYoungGen      total 12800K, used 7676K [0x00000000d5580000, 0x00000000d6680000, 0x0000000100000000)
  eden space 11264K, 55% used [0x00000000d5580000,0x00000000d5b97438,0x00000000d6080000)
  from space 1536K, 93% used [0x00000000d6500000,0x00000000d6667e28,0x00000000d6680000)
  to   space 1536K, 0% used [0x00000000d6200000,0x00000000d6200000,0x00000000d6380000)
 ParOldGen       total 70656K, used 70403K [0x0000000080000000, 0x0000000084500000, 0x00000000d5580000)
  object space 70656K, 99% used [0x0000000080000000,0x00000000844c0da0,0x0000000084500000)
 Metaspace       used 53805K, committed 55168K, reserved 1114112K
  class space    used 5897K, committed 6528K, reserved 1048576K
GC Heap History (20 events):
Event: 18.391 GC heap before
{Heap before GC invocations=33 (full 2):
 PSYoungGen      total 16896K, used 16575K [0x00000000d5580000, 0x00000000d6900000, 0x0000000100000000)
  eden space 14336K, 100% used [0x00000000d5580000,0x00000000d6380000,0x00000000d6380000)
  from space 2560K, 87% used [0x00000000d6680000,0x00000000d68afcd0,0x00000000d6900000)
  to   space 2560K, 0% used [0x00000000d6400000,0x00000000d6400000,0x00000000d6680000)
 ParOldGen       total 68608K, used 48050K [0x0000000080000000, 0x0000000084300000, 0x00000000d5580000)
  object space 68608K, 70% used [0x0000000080000000,0x0000000082eecb08,0x0000000084300000)
 Metaspace       used 52100K, committed 53376K, reserved 1114112K
  class space    used 5709K, committed 6272K, reserved 1048576K
}
Event: 18.396 GC heap after
{Heap after GC invocations=33 (full 2):
 PSYoungGen      total 16896K, used 2526K [0x00000000d5580000, 0x00000000d6980000, 0x0000000100000000)
  eden space 14336K, 0% used [0x00000000d5580000,0x00000000d5580000,0x00000000d6380000)
  from space 2560K, 98% used [0x00000000d6400000,0x00000000d66779b8,0x00000000d6680000)
  to   space 3072K, 0% used [0x00000000d6680000,0x00000000d6680000,0x00000000d6980000)
 ParOldGen       total 68608K, used 50044K [0x0000000080000000, 0x0000000084300000, 0x00000000d5580000)
  object space 68608K, 72% used [0x0000000080000000,0x00000000830df0c0,0x0000000084300000)
 Metaspace       used 52100K, committed 53376K, reserved 1114112K
  class space    used 5709K, committed 6272K, reserved 1048576K
}
Event: 18.619 GC heap before
{Heap before GC invocations=34 (full 2):
 PSYoungGen      total 16896K, used 16862K [0x00000000d5580000, 0x00000000d6980000, 0x0000000100000000)
  eden space 14336K, 100% used [0x00000000d5580000,0x00000000d6380000,0x00000000d6380000)
  from space 2560K, 98% used [0x00000000d6400000,0x00000000d66779b8,0x00000000d6680000)
  to   space 3072K, 0% used [0x00000000d6680000,0x00000000d6680000,0x00000000d6980000)
 ParOldGen       total 68608K, used 50044K [0x0000000080000000, 0x0000000084300000, 0x00000000d5580000)
  object space 68608K, 72% used [0x0000000080000000,0x00000000830df0c0,0x0000000084300000)
 Metaspace       used 52463K, committed 53696K, reserved 1114112K
  class space    used 5747K, committed 6272K, reserved 1048576K
}
Event: 18.624 GC heap after
{Heap after GC invocations=34 (full 2):
 PSYoungGen      total 14336K, used 3068K [0x00000000d5580000, 0x00000000d6f80000, 0x0000000100000000)
  eden space 11264K, 0% used [0x00000000d5580000,0x00000000d5580000,0x00000000d6080000)
  from space 3072K, 99% used [0x00000000d6680000,0x00000000d697f3c0,0x00000000d6980000)
  to   space 6144K, 0% used [0x00000000d6080000,0x00000000d6080000,0x00000000d6680000)
 ParOldGen       total 68608K, used 52427K [0x0000000080000000, 0x0000000084300000, 0x00000000d5580000)
  object space 68608K, 76% used [0x0000000080000000,0x0000000083332d80,0x0000000084300000)
 Metaspace       used 52463K, committed 53696K, reserved 1114112K
  class space    used 5747K, committed 6272K, reserved 1048576K
}
Event: 18.728 GC heap before
{Heap before GC invocations=35 (full 2):
 PSYoungGen      total 14336K, used 14332K [0x00000000d5580000, 0x00000000d6f80000, 0x0000000100000000)
  eden space 11264K, 100% used [0x00000000d5580000,0x00000000d6080000,0x00000000d6080000)
  from space 3072K, 99% used [0x00000000d6680000,0x00000000d697f3c0,0x00000000d6980000)
  to   space 6144K, 0% used [0x00000000d6080000,0x00000000d6080000,0x00000000d6680000)
 ParOldGen       total 68608K, used 52427K [0x0000000080000000, 0x0000000084300000, 0x00000000d5580000)
  object space 68608K, 76% used [0x0000000080000000,0x0000000083332d80,0x0000000084300000)
 Metaspace       used 52529K, committed 53824K, reserved 1114112K
  class space    used 5751K, committed 6272K, reserved 1048576K
}
Event: 18.733 GC heap after
{Heap after GC invocations=35 (full 2):
 PSYoungGen      total 14336K, used 2582K [0x00000000d5580000, 0x00000000d6880000, 0x0000000100000000)
  eden space 11264K, 0% used [0x00000000d5580000,0x00000000d5580000,0x00000000d6080000)
  from space 3072K, 84% used [0x00000000d6080000,0x00000000d6305a08,0x00000000d6380000)
  to   space 4096K, 0% used [0x00000000d6480000,0x00000000d6480000,0x00000000d6880000)
 ParOldGen       total 68608K, used 55348K [0x0000000080000000, 0x0000000084300000, 0x00000000d5580000)
  object space 68608K, 80% used [0x0000000080000000,0x000000008360d250,0x0000000084300000)
 Metaspace       used 52529K, committed 53824K, reserved 1114112K
  class space    used 5751K, committed 6272K, reserved 1048576K
}
Event: 18.840 GC heap before
{Heap before GC invocations=36 (full 2):
 PSYoungGen      total 14336K, used 13839K [0x00000000d5580000, 0x00000000d6880000, 0x0000000100000000)
  eden space 11264K, 99% used [0x00000000d5580000,0x00000000d607e5a8,0x00000000d6080000)
  from space 3072K, 84% used [0x00000000d6080000,0x00000000d6305a08,0x00000000d6380000)
  to   space 4096K, 0% used [0x00000000d6480000,0x00000000d6480000,0x00000000d6880000)
 ParOldGen       total 68608K, used 55348K [0x0000000080000000, 0x0000000084300000, 0x00000000d5580000)
  object space 68608K, 80% used [0x0000000080000000,0x000000008360d250,0x0000000084300000)
 Metaspace       used 52735K, committed 54144K, reserved 1114112K
  class space    used 5779K, committed 6400K, reserved 1048576K
}
Event: 18.845 GC heap after
{Heap after GC invocations=36 (full 2):
 PSYoungGen      total 14336K, used 2760K [0x00000000d5580000, 0x00000000d6780000, 0x0000000100000000)
  eden space 11264K, 0% used [0x00000000d5580000,0x00000000d5580000,0x00000000d6080000)
  from space 3072K, 89% used [0x00000000d6480000,0x00000000d6732350,0x00000000d6780000)
  to   space 3072K, 0% used [0x00000000d6080000,0x00000000d6080000,0x00000000d6380000)
 ParOldGen       total 68608K, used 57742K [0x0000000080000000, 0x0000000084300000, 0x00000000d5580000)
  object space 68608K, 84% used [0x0000000080000000,0x0000000083863b18,0x0000000084300000)
 Metaspace       used 52735K, committed 54144K, reserved 1114112K
  class space    used 5779K, committed 6400K, reserved 1048576K
}
Event: 18.962 GC heap before
{Heap before GC invocations=37 (full 2):
 PSYoungGen      total 14336K, used 14024K [0x00000000d5580000, 0x00000000d6780000, 0x0000000100000000)
  eden space 11264K, 100% used [0x00000000d5580000,0x00000000d6080000,0x00000000d6080000)
  from space 3072K, 89% used [0x00000000d6480000,0x00000000d6732350,0x00000000d6780000)
  to   space 3072K, 0% used [0x00000000d6080000,0x00000000d6080000,0x00000000d6380000)
 ParOldGen       total 68608K, used 57742K [0x0000000080000000, 0x0000000084300000, 0x00000000d5580000)
  object space 68608K, 84% used [0x0000000080000000,0x0000000083863b18,0x0000000084300000)
 Metaspace       used 52954K, committed 54272K, reserved 1114112K
  class space    used 5798K, committed 6400K, reserved 1048576K
}
Event: 18.967 GC heap after
{Heap after GC invocations=37 (full 2):
 PSYoungGen      total 13824K, used 2263K [0x00000000d5580000, 0x00000000d6580000, 0x0000000100000000)
  eden space 11264K, 0% used [0x00000000d5580000,0x00000000d5580000,0x00000000d6080000)
  from space 2560K, 88% used [0x00000000d6080000,0x00000000d62b5cd0,0x00000000d6300000)
  to   space 2560K, 0% used [0x00000000d6300000,0x00000000d6300000,0x00000000d6580000)
 ParOldGen       total 68608K, used 60291K [0x0000000080000000, 0x0000000084300000, 0x00000000d5580000)
  object space 68608K, 87% used [0x0000000080000000,0x0000000083ae0e10,0x0000000084300000)
 Metaspace       used 52954K, committed 54272K, reserved 1114112K
  class space    used 5798K, committed 6400K, reserved 1048576K
}
Event: 19.181 GC heap before
{Heap before GC invocations=38 (full 2):
 PSYoungGen      total 13824K, used 13527K [0x00000000d5580000, 0x00000000d6580000, 0x0000000100000000)
  eden space 11264K, 100% used [0x00000000d5580000,0x00000000d6080000,0x00000000d6080000)
  from space 2560K, 88% used [0x00000000d6080000,0x00000000d62b5cd0,0x00000000d6300000)
  to   space 2560K, 0% used [0x00000000d6300000,0x00000000d6300000,0x00000000d6580000)
 ParOldGen       total 68608K, used 60291K [0x0000000080000000, 0x0000000084300000, 0x00000000d5580000)
  object space 68608K, 87% used [0x0000000080000000,0x0000000083ae0e10,0x0000000084300000)
 Metaspace       used 53391K, committed 54720K, reserved 1114112K
  class space    used 5844K, committed 6464K, reserved 1048576K
}
Event: 19.187 GC heap after
{Heap after GC invocations=38 (full 2):
 PSYoungGen      total 13824K, used 2333K [0x00000000d5580000, 0x00000000d6580000, 0x0000000100000000)
  eden space 11264K, 0% used [0x00000000d5580000,0x00000000d5580000,0x00000000d6080000)
  from space 2560K, 91% used [0x00000000d6300000,0x00000000d6547708,0x00000000d6580000)
  to   space 2560K, 0% used [0x00000000d6080000,0x00000000d6080000,0x00000000d6300000)
 ParOldGen       total 68608K, used 62412K [0x0000000080000000, 0x0000000084300000, 0x00000000d5580000)
  object space 68608K, 90% used [0x0000000080000000,0x0000000083cf3200,0x0000000084300000)
 Metaspace       used 53391K, committed 54720K, reserved 1114112K
  class space    used 5844K, committed 6464K, reserved 1048576K
}
Event: 19.322 GC heap before
{Heap before GC invocations=39 (full 2):
 PSYoungGen      total 13824K, used 13597K [0x00000000d5580000, 0x00000000d6580000, 0x0000000100000000)
  eden space 11264K, 100% used [0x00000000d5580000,0x00000000d6080000,0x00000000d6080000)
  from space 2560K, 91% used [0x00000000d6300000,0x00000000d6547708,0x00000000d6580000)
  to   space 2560K, 0% used [0x00000000d6080000,0x00000000d6080000,0x00000000d6300000)
 ParOldGen       total 68608K, used 62412K [0x0000000080000000, 0x0000000084300000, 0x00000000d5580000)
  object space 68608K, 90% used [0x0000000080000000,0x0000000083cf3200,0x0000000084300000)
 Metaspace       used 53605K, committed 54976K, reserved 1114112K
  class space    used 5874K, committed 6464K, reserved 1048576K
}
Event: 19.326 GC heap after
{Heap after GC invocations=39 (full 2):
 PSYoungGen      total 13824K, used 2552K [0x00000000d5580000, 0x00000000d6c80000, 0x0000000100000000)
  eden space 11264K, 0% used [0x00000000d5580000,0x00000000d5580000,0x00000000d6080000)
  from space 2560K, 99% used [0x00000000d6080000,0x00000000d62fe1e8,0x00000000d6300000)
  to   space 6144K, 0% used [0x00000000d6680000,0x00000000d6680000,0x00000000d6c80000)
 ParOldGen       total 68608K, used 65277K [0x0000000080000000, 0x0000000084300000, 0x00000000d5580000)
  object space 68608K, 95% used [0x0000000080000000,0x0000000083fbf7c0,0x0000000084300000)
 Metaspace       used 53605K, committed 54976K, reserved 1114112K
  class space    used 5874K, committed 6464K, reserved 1048576K
}
Event: 19.413 GC heap before
{Heap before GC invocations=40 (full 2):
 PSYoungGen      total 13824K, used 13816K [0x00000000d5580000, 0x00000000d6c80000, 0x0000000100000000)
  eden space 11264K, 100% used [0x00000000d5580000,0x00000000d6080000,0x00000000d6080000)
  from space 2560K, 99% used [0x00000000d6080000,0x00000000d62fe1e8,0x00000000d6300000)
  to   space 6144K, 0% used [0x00000000d6680000,0x00000000d6680000,0x00000000d6c80000)
 ParOldGen       total 68608K, used 65277K [0x0000000080000000, 0x0000000084300000, 0x00000000d5580000)
  object space 68608K, 95% used [0x0000000080000000,0x0000000083fbf7c0,0x0000000084300000)
 Metaspace       used 53619K, committed 54976K, reserved 1114112K
  class space    used 5874K, committed 6464K, reserved 1048576K
}
Event: 19.417 GC heap after
{Heap after GC invocations=40 (full 2):
 PSYoungGen      total 14848K, used 3104K [0x00000000d5580000, 0x00000000d6a00000, 0x0000000100000000)
  eden space 11264K, 0% used [0x00000000d5580000,0x00000000d5580000,0x00000000d6080000)
  from space 3584K, 86% used [0x00000000d6680000,0x00000000d69882e0,0x00000000d6a00000)
  to   space 4096K, 0% used [0x00000000d6200000,0x00000000d6200000,0x00000000d6600000)
 ParOldGen       total 68608K, used 67824K [0x0000000080000000, 0x0000000084300000, 0x00000000d5580000)
  object space 68608K, 98% used [0x0000000080000000,0x000000008423c3c0,0x0000000084300000)
 Metaspace       used 53619K, committed 54976K, reserved 1114112K
  class space    used 5874K, committed 6464K, reserved 1048576K
}
Event: 19.571 GC heap before
{Heap before GC invocations=41 (full 2):
 PSYoungGen      total 14848K, used 14368K [0x00000000d5580000, 0x00000000d6a00000, 0x0000000100000000)
  eden space 11264K, 100% used [0x00000000d5580000,0x00000000d6080000,0x00000000d6080000)
  from space 3584K, 86% used [0x00000000d6680000,0x00000000d69882e0,0x00000000d6a00000)
  to   space 4096K, 0% used [0x00000000d6200000,0x00000000d6200000,0x00000000d6600000)
 ParOldGen       total 68608K, used 67824K [0x0000000080000000, 0x0000000084300000, 0x00000000d5580000)
  object space 68608K, 98% used [0x0000000080000000,0x000000008423c3c0,0x0000000084300000)
 Metaspace       used 53714K, committed 55040K, reserved 1114112K
  class space    used 5882K, committed 6464K, reserved 1048576K
}
Event: 19.576 GC heap after
{Heap after GC invocations=41 (full 2):
 PSYoungGen      total 12800K, used 1173K [0x00000000d5580000, 0x00000000d6700000, 0x0000000100000000)
  eden space 11264K, 0% used [0x00000000d5580000,0x00000000d5580000,0x00000000d6080000)
  from space 1536K, 76% used [0x00000000d6200000,0x00000000d6325410,0x00000000d6380000)
  to   space 2048K, 0% used [0x00000000d6500000,0x00000000d6500000,0x00000000d6700000)
 ParOldGen       total 69632K, used 69393K [0x0000000080000000, 0x0000000084400000, 0x00000000d5580000)
  object space 69632K, 99% used [0x0000000080000000,0x00000000843c45b0,0x0000000084400000)
 Metaspace       used 53714K, committed 55040K, reserved 1114112K
  class space    used 5882K, committed 6464K, reserved 1048576K
}
Event: 19.821 GC heap before
{Heap before GC invocations=42 (full 2):
 PSYoungGen      total 12800K, used 12437K [0x00000000d5580000, 0x00000000d6700000, 0x0000000100000000)
  eden space 11264K, 100% used [0x00000000d5580000,0x00000000d6080000,0x00000000d6080000)
  from space 1536K, 76% used [0x00000000d6200000,0x00000000d6325410,0x00000000d6380000)
  to   space 2048K, 0% used [0x00000000d6500000,0x00000000d6500000,0x00000000d6700000)
 ParOldGen       total 69632K, used 69393K [0x0000000080000000, 0x0000000084400000, 0x00000000d5580000)
  object space 69632K, 99% used [0x0000000080000000,0x00000000843c45b0,0x0000000084400000)
 Metaspace       used 53769K, committed 55104K, reserved 1114112K
  class space    used 5890K, committed 6464K, reserved 1048576K
}
Event: 19.827 GC heap after
{Heap after GC invocations=42 (full 2):
 PSYoungGen      total 12800K, used 1439K [0x00000000d5580000, 0x00000000d6680000, 0x0000000100000000)
  eden space 11264K, 0% used [0x00000000d5580000,0x00000000d5580000,0x00000000d6080000)
  from space 1536K, 93% used [0x00000000d6500000,0x00000000d6667e28,0x00000000d6680000)
  to   space 1536K, 0% used [0x00000000d6200000,0x00000000d6200000,0x00000000d6380000)
 ParOldGen       total 70656K, used 70403K [0x0000000080000000, 0x0000000084500000, 0x00000000d5580000)
  object space 70656K, 99% used [0x0000000080000000,0x00000000844c0da0,0x0000000084500000)
 Metaspace       used 53769K, committed 55104K, reserved 1114112K
  class space    used 5890K, committed 6464K, reserved 1048576K
}

